{"numTotalTestSuites":155,"numPassedTestSuites":155,"numFailedTestSuites":0,"numPendingTestSuites":0,"numTotalTests":264,"numPassedTests":258,"numFailedTests":0,"numPendingTests":6,"numTodoTests":0,"snapshot":{"added":0,"failure":false,"filesAdded":0,"filesRemoved":0,"filesRemovedList":[],"filesUnmatched":0,"filesUpdated":0,"matched":0,"total":0,"unchecked":0,"uncheckedKeysByFile":[],"unmatched":0,"updated":0,"didUpdate":false},"startTime":1767863721431,"success":true,"testResults":[{"assertionResults":[{"ancestorTitles":["BaseException"],"fullName":"BaseException should create exception with message and status code","status":"passed","title":"should create exception with message and status code","duration":1.6761000000000195,"failureMessages":[],"meta":{}},{"ancestorTitles":["BaseException"],"fullName":"BaseException should include code and details in response","status":"passed","title":"should include code and details in response","duration":1.102899999999977,"failureMessages":[],"meta":{}},{"ancestorTitles":["BadRequestException"],"fullName":"BadRequestException should create BadRequestException with 400 status","status":"passed","title":"should create BadRequestException with 400 status","duration":0.21739999999999782,"failureMessages":[],"meta":{}},{"ancestorTitles":["BadRequestException"],"fullName":"BadRequestException should include code and details","status":"passed","title":"should include code and details","duration":0.17449999999996635,"failureMessages":[],"meta":{}},{"ancestorTitles":["UnauthorizedException"],"fullName":"UnauthorizedException should create UnauthorizedException with 401 status","status":"passed","title":"should create UnauthorizedException with 401 status","duration":0.20010000000002037,"failureMessages":[],"meta":{}},{"ancestorTitles":["UnauthorizedException"],"fullName":"UnauthorizedException should accept custom message","status":"passed","title":"should accept custom message","duration":0.12350000000003547,"failureMessages":[],"meta":{}},{"ancestorTitles":["ForbiddenException"],"fullName":"ForbiddenException should create ForbiddenException with 403 status","status":"passed","title":"should create ForbiddenException with 403 status","duration":0.22100000000000364,"failureMessages":[],"meta":{}},{"ancestorTitles":["NotFoundException"],"fullName":"NotFoundException should create NotFoundException with 404 status","status":"passed","title":"should create NotFoundException with 404 status","duration":0.2113000000000511,"failureMessages":[],"meta":{}},{"ancestorTitles":["NotFoundException"],"fullName":"NotFoundException should use default message if not provided","status":"passed","title":"should use default message if not provided","duration":0.11730000000000018,"failureMessages":[],"meta":{}},{"ancestorTitles":["ConflictException"],"fullName":"ConflictException should create ConflictException with 409 status","status":"passed","title":"should create ConflictException with 409 status","duration":0.19249999999999545,"failureMessages":[],"meta":{}},{"ancestorTitles":["UnprocessableEntityException"],"fullName":"UnprocessableEntityException should create UnprocessableEntityException with 422 status","status":"passed","title":"should create UnprocessableEntityException with 422 status","duration":0.18039999999996326,"failureMessages":[],"meta":{}},{"ancestorTitles":["InternalServerErrorException"],"fullName":"InternalServerErrorException should create InternalServerErrorException with 500 status","status":"passed","title":"should create InternalServerErrorException with 500 status","duration":0.2964999999999236,"failureMessages":[],"meta":{}},{"ancestorTitles":["InternalServerErrorException"],"fullName":"InternalServerErrorException should accept custom message","status":"passed","title":"should accept custom message","duration":0.12100000000009459,"failureMessages":[],"meta":{}},{"ancestorTitles":["ServiceUnavailableException"],"fullName":"ServiceUnavailableException should create ServiceUnavailableException with 503 status","status":"passed","title":"should create ServiceUnavailableException with 503 status","duration":0.20639999999991687,"failureMessages":[],"meta":{}},{"ancestorTitles":["ServiceUnavailableException"],"fullName":"ServiceUnavailableException should accept custom message","status":"passed","title":"should accept custom message","duration":0.12430000000006203,"failureMessages":[],"meta":{}}],"startTime":1767863723849,"endTime":1767863723855.2063,"status":"passed","message":"","name":"C:/cursor.ai/WattOS_Plattform/packages/shared/src/__tests__/base.exception.test.ts"},{"assertionResults":[{"ancestorTitles":["Utils","sleep"],"fullName":"Utils sleep should wait for specified milliseconds","status":"passed","title":"should wait for specified milliseconds","duration":107.1706999999999,"failureMessages":[],"meta":{}},{"ancestorTitles":["Utils","sleep"],"fullName":"Utils sleep should return a promise","status":"passed","title":"should return a promise","duration":0.6765000000000327,"failureMessages":[],"meta":{}},{"ancestorTitles":["Utils","retry"],"fullName":"Utils retry should succeed on first attempt","status":"passed","title":"should succeed on first attempt","duration":6.120800000000031,"failureMessages":[],"meta":{}},{"ancestorTitles":["Utils","retry"],"fullName":"Utils retry should retry on failure and succeed","status":"passed","title":"should retry on failure and succeed","duration":4.0586000000000695,"failureMessages":[],"meta":{}},{"ancestorTitles":["Utils","retry"],"fullName":"Utils retry should throw error after max retries","status":"skipped","title":"should throw error after max retries","failureMessages":[],"meta":{}},{"ancestorTitles":["Utils","retry"],"fullName":"Utils retry should use exponential backoff","status":"passed","title":"should use exponential backoff","duration":1.2240000000000464,"failureMessages":[],"meta":{}},{"ancestorTitles":["Utils","formatBytes"],"fullName":"Utils formatBytes should format 0 bytes","status":"passed","title":"should format 0 bytes","duration":0.27710000000001855,"failureMessages":[],"meta":{}},{"ancestorTitles":["Utils","formatBytes"],"fullName":"Utils formatBytes should format bytes","status":"passed","title":"should format bytes","duration":0.3994000000000142,"failureMessages":[],"meta":{}},{"ancestorTitles":["Utils","formatBytes"],"fullName":"Utils formatBytes should format kilobytes","status":"passed","title":"should format kilobytes","duration":0.3927999999999656,"failureMessages":[],"meta":{}},{"ancestorTitles":["Utils","formatBytes"],"fullName":"Utils formatBytes should format megabytes","status":"passed","title":"should format megabytes","duration":0.2842000000000553,"failureMessages":[],"meta":{}},{"ancestorTitles":["Utils","formatBytes"],"fullName":"Utils formatBytes should format gigabytes","status":"passed","title":"should format gigabytes","duration":0.3026999999999589,"failureMessages":[],"meta":{}},{"ancestorTitles":["Utils","formatBytes"],"fullName":"Utils formatBytes should handle large numbers","status":"passed","title":"should handle large numbers","duration":0.30930000000000746,"failureMessages":[],"meta":{}},{"ancestorTitles":["Utils","sanitizeFilename"],"fullName":"Utils sanitizeFilename should sanitize filename with special characters","status":"passed","title":"should sanitize filename with special characters","duration":0.8292000000000144,"failureMessages":[],"meta":{}},{"ancestorTitles":["Utils","sanitizeFilename"],"fullName":"Utils sanitizeFilename should convert to lowercase","status":"passed","title":"should convert to lowercase","duration":0.3365000000000009,"failureMessages":[],"meta":{}},{"ancestorTitles":["Utils","sanitizeFilename"],"fullName":"Utils sanitizeFilename should preserve allowed characters","status":"passed","title":"should preserve allowed characters","duration":0.28530000000000655,"failureMessages":[],"meta":{}},{"ancestorTitles":["Utils","sanitizeFilename"],"fullName":"Utils sanitizeFilename should handle empty string","status":"passed","title":"should handle empty string","duration":0.3807000000000471,"failureMessages":[],"meta":{}},{"ancestorTitles":["Utils","sanitizeFilename"],"fullName":"Utils sanitizeFilename should handle unicode characters","status":"passed","title":"should handle unicode characters","duration":0.2300000000000182,"failureMessages":[],"meta":{}},{"ancestorTitles":["Utils","generateId"],"fullName":"Utils generateId should generate unique IDs","status":"passed","title":"should generate unique IDs","duration":1.408800000000042,"failureMessages":[],"meta":{}},{"ancestorTitles":["Utils","generateId"],"fullName":"Utils generateId should generate ID with timestamp","status":"passed","title":"should generate ID with timestamp","duration":0.42079999999998563,"failureMessages":[],"meta":{}},{"ancestorTitles":["Utils","generateId"],"fullName":"Utils generateId should generate ID with random part","status":"passed","title":"should generate ID with random part","duration":0.3064000000000533,"failureMessages":[],"meta":{}},{"ancestorTitles":["Utils","isValidEmail"],"fullName":"Utils isValidEmail should validate correct email addresses","status":"passed","title":"should validate correct email addresses","duration":0.45859999999993306,"failureMessages":[],"meta":{}},{"ancestorTitles":["Utils","isValidEmail"],"fullName":"Utils isValidEmail should reject invalid email addresses","status":"passed","title":"should reject invalid email addresses","duration":0.3385000000000673,"failureMessages":[],"meta":{}},{"ancestorTitles":["Utils","isValidEmail"],"fullName":"Utils isValidEmail should reject empty string","status":"passed","title":"should reject empty string","duration":0.17349999999999,"failureMessages":[],"meta":{}},{"ancestorTitles":["Utils","isValidEmail"],"fullName":"Utils isValidEmail should handle edge cases","status":"passed","title":"should handle edge cases","duration":0.3220999999999776,"failureMessages":[],"meta":{}}],"startTime":1767863722371,"endTime":1767863722499.3384,"status":"passed","message":"","name":"C:/cursor.ai/WattOS_Plattform/packages/shared/src/__tests__/utils.test.ts"},{"assertionResults":[{"ancestorTitles":["CacheService - Extended Tests","getOrSet"],"fullName":"CacheService - Extended Tests getOrSet should return cached value if exists","status":"passed","title":"should return cached value if exists","duration":5.2327999999999975,"failureMessages":[],"meta":{}},{"ancestorTitles":["CacheService - Extended Tests","getOrSet"],"fullName":"CacheService - Extended Tests getOrSet should call factory and cache result if not exists","status":"passed","title":"should call factory and cache result if not exists","duration":1.1740000000002055,"failureMessages":[],"meta":{}},{"ancestorTitles":["CacheService - Extended Tests","writeThrough"],"fullName":"CacheService - Extended Tests writeThrough should write to database and cache","status":"passed","title":"should write to database and cache","duration":0.7907999999999902,"failureMessages":[],"meta":{}},{"ancestorTitles":["CacheService - Extended Tests","writeBack"],"fullName":"CacheService - Extended Tests writeBack should write to cache immediately and database asynchronously","status":"passed","title":"should write to cache immediately and database asynchronously","duration":13.620999999999867,"failureMessages":[],"meta":{}},{"ancestorTitles":["CacheService - Extended Tests","refreshAhead"],"fullName":"CacheService - Extended Tests refreshAhead should return cached value if fresh","status":"passed","title":"should return cached value if fresh","duration":0.9105000000001837,"failureMessages":[],"meta":{}},{"ancestorTitles":["CacheService - Extended Tests","getMany"],"fullName":"CacheService - Extended Tests getMany should get multiple keys from cache","status":"passed","title":"should get multiple keys from cache","duration":0.7765999999999167,"failureMessages":[],"meta":{}},{"ancestorTitles":["CacheService - Extended Tests","setMany"],"fullName":"CacheService - Extended Tests setMany should set multiple keys in cache","status":"passed","title":"should set multiple keys in cache","duration":0.7442000000000917,"failureMessages":[],"meta":{}},{"ancestorTitles":["CacheService - Extended Tests","createKey"],"fullName":"CacheService - Extended Tests createKey should create cache key with prefix and parts","status":"passed","title":"should create cache key with prefix and parts","duration":0.4755999999999858,"failureMessages":[],"meta":{}},{"ancestorTitles":["CacheService - Extended Tests","LRU Eviction"],"fullName":"CacheService - Extended Tests LRU Eviction should evict least recently used entry when cache is full","status":"passed","title":"should evict least recently used entry when cache is full","duration":1.0644999999999527,"failureMessages":[],"meta":{}}],"startTime":1767863722943,"endTime":1767863722969.0645,"status":"passed","message":"","name":"C:/cursor.ai/WattOS_Plattform/packages/shared/src/cache/__tests__/cache.service.extended.test.ts"},{"assertionResults":[{"ancestorTitles":["CacheService","get"],"fullName":"CacheService get should return null when cache is disabled","status":"passed","title":"should return null when cache is disabled","duration":7.734899999999925,"failureMessages":[],"meta":{}},{"ancestorTitles":["CacheService","get"],"fullName":"CacheService get should return cached value from Redis","status":"passed","title":"should return cached value from Redis","duration":6.151299999999992,"failureMessages":[],"meta":{}},{"ancestorTitles":["CacheService","get"],"fullName":"CacheService get should return null for non-existent key","status":"passed","title":"should return null for non-existent key","duration":1.2101000000000113,"failureMessages":[],"meta":{}},{"ancestorTitles":["CacheService","get"],"fullName":"CacheService get should fallback to in-memory cache when Redis is unavailable","status":"passed","title":"should fallback to in-memory cache when Redis is unavailable","duration":1.3235999999999422,"failureMessages":[],"meta":{}},{"ancestorTitles":["CacheService","get"],"fullName":"CacheService get should return null for expired in-memory cache entry","status":"passed","title":"should return null for expired in-memory cache entry","duration":0.9520999999999731,"failureMessages":[],"meta":{}},{"ancestorTitles":["CacheService","set"],"fullName":"CacheService set should store value in Redis","status":"passed","title":"should store value in Redis","duration":1.3314000000000306,"failureMessages":[],"meta":{}},{"ancestorTitles":["CacheService","set"],"fullName":"CacheService set should use default TTL when not specified","status":"passed","title":"should use default TTL when not specified","duration":3.0947000000001026,"failureMessages":[],"meta":{}},{"ancestorTitles":["CacheService","set"],"fullName":"CacheService set should not store when cache is disabled","status":"passed","title":"should not store when cache is disabled","duration":1.0240000000001146,"failureMessages":[],"meta":{}},{"ancestorTitles":["CacheService","set"],"fullName":"CacheService set should fallback to in-memory cache when Redis is unavailable","status":"passed","title":"should fallback to in-memory cache when Redis is unavailable","duration":1.1253999999998996,"failureMessages":[],"meta":{}},{"ancestorTitles":["CacheService","delete"],"fullName":"CacheService delete should delete key from Redis","status":"passed","title":"should delete key from Redis","duration":1.48700000000008,"failureMessages":[],"meta":{}},{"ancestorTitles":["CacheService","delete"],"fullName":"CacheService delete should delete from in-memory cache when Redis unavailable","status":"passed","title":"should delete from in-memory cache when Redis unavailable","duration":1.3770999999999276,"failureMessages":[],"meta":{}},{"ancestorTitles":["CacheService","clear"],"fullName":"CacheService clear should clear all cache entries","status":"passed","title":"should clear all cache entries","duration":2.78020000000015,"failureMessages":[],"meta":{}}],"startTime":1767863722943,"endTime":1767863722973.7803,"status":"passed","message":"","name":"C:/cursor.ai/WattOS_Plattform/packages/shared/src/cache/__tests__/cache.service.test.ts"},{"assertionResults":[{"ancestorTitles":["FeatureFlagService - Extended Tests","onModuleInit"],"fullName":"FeatureFlagService - Extended Tests onModuleInit should connect to Redis when REDIS_URL is provided","status":"passed","title":"should connect to Redis when REDIS_URL is provided","duration":9.425700000000006,"failureMessages":[],"meta":{}},{"ancestorTitles":["FeatureFlagService - Extended Tests","onModuleInit"],"fullName":"FeatureFlagService - Extended Tests onModuleInit should use in-memory storage when REDIS_URL is not provided","status":"passed","title":"should use in-memory storage when REDIS_URL is not provided","duration":1.1999000000000706,"failureMessages":[],"meta":{}},{"ancestorTitles":["FeatureFlagService - Extended Tests","onModuleInit"],"fullName":"FeatureFlagService - Extended Tests onModuleInit should handle Redis connection errors gracefully","status":"passed","title":"should handle Redis connection errors gracefully","duration":2.3413000000000466,"failureMessages":[],"meta":{}},{"ancestorTitles":["FeatureFlagService - Extended Tests","onModuleInit"],"fullName":"FeatureFlagService - Extended Tests onModuleInit should load flags from Redis on initialization","status":"skipped","title":"should load flags from Redis on initialization","failureMessages":[],"meta":{}},{"ancestorTitles":["FeatureFlagService - Extended Tests","isEnabled - Edge Cases"],"fullName":"FeatureFlagService - Extended Tests isEnabled - Edge Cases should handle percentage rollout with different user IDs","status":"passed","title":"should handle percentage rollout with different user IDs","duration":2.648400000000038,"failureMessages":[],"meta":{}},{"ancestorTitles":["FeatureFlagService - Extended Tests","isEnabled - Edge Cases"],"fullName":"FeatureFlagService - Extended Tests isEnabled - Edge Cases should handle percentage 0 (disabled)","status":"passed","title":"should handle percentage 0 (disabled)","duration":0.9685000000001764,"failureMessages":[],"meta":{}},{"ancestorTitles":["FeatureFlagService - Extended Tests","isEnabled - Edge Cases"],"fullName":"FeatureFlagService - Extended Tests isEnabled - Edge Cases should handle percentage 100 (enabled for all)","status":"passed","title":"should handle percentage 100 (enabled for all)","duration":0.7480000000000473,"failureMessages":[],"meta":{}},{"ancestorTitles":["FeatureFlagService - Extended Tests","isEnabled - Edge Cases"],"fullName":"FeatureFlagService - Extended Tests isEnabled - Edge Cases should handle flag with startDate in the future","status":"passed","title":"should handle flag with startDate in the future","duration":0.7195999999999003,"failureMessages":[],"meta":{}},{"ancestorTitles":["FeatureFlagService - Extended Tests","isEnabled - Edge Cases"],"fullName":"FeatureFlagService - Extended Tests isEnabled - Edge Cases should handle flag with startDate in the past","status":"passed","title":"should handle flag with startDate in the past","duration":0.6268000000000029,"failureMessages":[],"meta":{}},{"ancestorTitles":["FeatureFlagService - Extended Tests","isEnabled - Edge Cases"],"fullName":"FeatureFlagService - Extended Tests isEnabled - Edge Cases should handle flag with endDate in the past","status":"passed","title":"should handle flag with endDate in the past","duration":0.7787000000000717,"failureMessages":[],"meta":{}},{"ancestorTitles":["FeatureFlagService - Extended Tests","isEnabled - Edge Cases"],"fullName":"FeatureFlagService - Extended Tests isEnabled - Edge Cases should handle flag with both startDate and endDate","status":"passed","title":"should handle flag with both startDate and endDate","duration":0.586699999999837,"failureMessages":[],"meta":{}},{"ancestorTitles":["FeatureFlagService - Extended Tests","isEnabled - Edge Cases"],"fullName":"FeatureFlagService - Extended Tests isEnabled - Edge Cases should handle userSegments with matching userId","status":"passed","title":"should handle userSegments with matching userId","duration":0.7331000000001495,"failureMessages":[],"meta":{}},{"ancestorTitles":["FeatureFlagService - Extended Tests","isEnabled - Edge Cases"],"fullName":"FeatureFlagService - Extended Tests isEnabled - Edge Cases should handle userSegments without userId","status":"passed","title":"should handle userSegments without userId","duration":0.5164999999999509,"failureMessages":[],"meta":{}},{"ancestorTitles":["FeatureFlagService - Extended Tests","getFlag - Redis Integration"],"fullName":"FeatureFlagService - Extended Tests getFlag - Redis Integration should load flag from Redis if not in cache","status":"passed","title":"should load flag from Redis if not in cache","duration":3.8022000000000844,"failureMessages":[],"meta":{}},{"ancestorTitles":["FeatureFlagService - Extended Tests","getFlag - Redis Integration"],"fullName":"FeatureFlagService - Extended Tests getFlag - Redis Integration should handle Redis get errors gracefully","status":"passed","title":"should handle Redis get errors gracefully","duration":1.3299999999999272,"failureMessages":[],"meta":{}},{"ancestorTitles":["FeatureFlagService - Extended Tests","getFlag - Redis Integration"],"fullName":"FeatureFlagService - Extended Tests getFlag - Redis Integration should return null for invalid JSON from Redis","status":"passed","title":"should return null for invalid JSON from Redis","duration":1.062400000000025,"failureMessages":[],"meta":{}},{"ancestorTitles":["FeatureFlagService - Extended Tests","setFlag - Redis Integration"],"fullName":"FeatureFlagService - Extended Tests setFlag - Redis Integration should save flag to Redis","status":"passed","title":"should save flag to Redis","duration":1.1782000000000608,"failureMessages":[],"meta":{}},{"ancestorTitles":["FeatureFlagService - Extended Tests","setFlag - Redis Integration"],"fullName":"FeatureFlagService - Extended Tests setFlag - Redis Integration should handle Redis set errors gracefully","status":"passed","title":"should handle Redis set errors gracefully","duration":0.9125000000001364,"failureMessages":[],"meta":{}},{"ancestorTitles":["FeatureFlagService - Extended Tests","deleteFlag - Redis Integration"],"fullName":"FeatureFlagService - Extended Tests deleteFlag - Redis Integration should delete flag from Redis","status":"passed","title":"should delete flag from Redis","duration":1.8485000000000582,"failureMessages":[],"meta":{}},{"ancestorTitles":["FeatureFlagService - Extended Tests","deleteFlag - Redis Integration"],"fullName":"FeatureFlagService - Extended Tests deleteFlag - Redis Integration should handle Redis delete errors gracefully","status":"passed","title":"should handle Redis delete errors gracefully","duration":1.2476000000001477,"failureMessages":[],"meta":{}},{"ancestorTitles":["FeatureFlagService - Extended Tests","loadFlags"],"fullName":"FeatureFlagService - Extended Tests loadFlags should load multiple flags from Redis","status":"skipped","title":"should load multiple flags from Redis","failureMessages":[],"meta":{}},{"ancestorTitles":["FeatureFlagService - Extended Tests","loadFlags"],"fullName":"FeatureFlagService - Extended Tests loadFlags should handle loadFlags errors gracefully","status":"passed","title":"should handle loadFlags errors gracefully","duration":1.2017000000000735,"failureMessages":[],"meta":{}}],"startTime":1767863722955,"endTime":1767863722991.2017,"status":"passed","message":"","name":"C:/cursor.ai/WattOS_Plattform/packages/shared/src/feature-flags/__tests__/feature-flag.service.extended.test.ts"},{"assertionResults":[{"ancestorTitles":["FeatureFlagService","isEnabled"],"fullName":"FeatureFlagService isEnabled should return false for non-existent flag","status":"passed","title":"should return false for non-existent flag","duration":5.260299999999916,"failureMessages":[],"meta":{}},{"ancestorTitles":["FeatureFlagService","isEnabled"],"fullName":"FeatureFlagService isEnabled should return true for enabled flag","status":"passed","title":"should return true for enabled flag","duration":0.6665000000000418,"failureMessages":[],"meta":{}},{"ancestorTitles":["FeatureFlagService","isEnabled"],"fullName":"FeatureFlagService isEnabled should return false for disabled flag","status":"passed","title":"should return false for disabled flag","duration":0.47119999999995343,"failureMessages":[],"meta":{}},{"ancestorTitles":["FeatureFlagService","isEnabled"],"fullName":"FeatureFlagService isEnabled should respect date range - before start date","status":"passed","title":"should respect date range - before start date","duration":0.5147999999999229,"failureMessages":[],"meta":{}},{"ancestorTitles":["FeatureFlagService","isEnabled"],"fullName":"FeatureFlagService isEnabled should respect date range - after end date","status":"passed","title":"should respect date range - after end date","duration":0.3971000000001368,"failureMessages":[],"meta":{}},{"ancestorTitles":["FeatureFlagService","isEnabled"],"fullName":"FeatureFlagService isEnabled should respect user segments","status":"passed","title":"should respect user segments","duration":0.4459999999999127,"failureMessages":[],"meta":{}},{"ancestorTitles":["FeatureFlagService","isEnabled"],"fullName":"FeatureFlagService isEnabled should respect percentage rollout","status":"passed","title":"should respect percentage rollout","duration":0.35770000000002256,"failureMessages":[],"meta":{}},{"ancestorTitles":["FeatureFlagService","getFlag"],"fullName":"FeatureFlagService getFlag should return flag from cache","status":"passed","title":"should return flag from cache","duration":2.0751000000000204,"failureMessages":[],"meta":{}},{"ancestorTitles":["FeatureFlagService","getFlag"],"fullName":"FeatureFlagService getFlag should return null for non-existent flag","status":"passed","title":"should return null for non-existent flag","duration":0.7890000000002146,"failureMessages":[],"meta":{}},{"ancestorTitles":["FeatureFlagService","setFlag"],"fullName":"FeatureFlagService setFlag should set feature flag","status":"passed","title":"should set feature flag","duration":0.4516000000000986,"failureMessages":[],"meta":{}},{"ancestorTitles":["FeatureFlagService","deleteFlag"],"fullName":"FeatureFlagService deleteFlag should delete feature flag","status":"passed","title":"should delete feature flag","duration":0.4653000000000702,"failureMessages":[],"meta":{}},{"ancestorTitles":["FeatureFlagService","getAllFlags"],"fullName":"FeatureFlagService getAllFlags should return all flags","status":"passed","title":"should return all flags","duration":1.4717000000000553,"failureMessages":[],"meta":{}},{"ancestorTitles":["FeatureFlagService","emergencyDisable"],"fullName":"FeatureFlagService emergencyDisable should disable all flags","status":"passed","title":"should disable all flags","duration":2.73050000000012,"failureMessages":[],"meta":{}}],"startTime":1767863722996,"endTime":1767863723013.7305,"status":"passed","message":"","name":"C:/cursor.ai/WattOS_Plattform/packages/shared/src/feature-flags/__tests__/feature-flag.service.test.ts"},{"assertionResults":[{"ancestorTitles":["HttpExceptionFilter","BaseException handling"],"fullName":"HttpExceptionFilter BaseException handling should handle BadRequestException","status":"passed","title":"should handle BadRequestException","duration":9.49109999999996,"failureMessages":[],"meta":{}},{"ancestorTitles":["HttpExceptionFilter","BaseException handling"],"fullName":"HttpExceptionFilter BaseException handling should handle NotFoundException","status":"passed","title":"should handle NotFoundException","duration":1.2109000000000378,"failureMessages":[],"meta":{}},{"ancestorTitles":["HttpExceptionFilter","HttpException handling"],"fullName":"HttpExceptionFilter HttpException handling should handle HttpException with string response","status":"passed","title":"should handle HttpException with string response","duration":0.9209000000000742,"failureMessages":[],"meta":{}},{"ancestorTitles":["HttpExceptionFilter","Error handling"],"fullName":"HttpExceptionFilter Error handling should handle generic Error","status":"passed","title":"should handle generic Error","duration":6.122200000000021,"failureMessages":[],"meta":{}},{"ancestorTitles":["HttpExceptionFilter","Request-ID handling"],"fullName":"HttpExceptionFilter Request-ID handling should extract request ID from x-request-id header","status":"passed","title":"should extract request ID from x-request-id header","duration":1.2083999999999833,"failureMessages":[],"meta":{}}],"startTime":1767863723192,"endTime":1767863723212.2085,"status":"passed","message":"","name":"C:/cursor.ai/WattOS_Plattform/packages/shared/src/filters/__tests__/http-exception.filter.test.ts"},{"assertionResults":[{"ancestorTitles":["HealthController","liveness"],"fullName":"HealthController liveness should return liveness status","status":"passed","title":"should return liveness status","duration":3.2894999999999754,"failureMessages":[],"meta":{}},{"ancestorTitles":["HealthController","readiness"],"fullName":"HealthController readiness should return readiness status","status":"passed","title":"should return readiness status","duration":0.3874000000000706,"failureMessages":[],"meta":{}},{"ancestorTitles":["HealthController","health"],"fullName":"HealthController health should return full health check","status":"passed","title":"should return full health check","duration":0.8301999999999907,"failureMessages":[],"meta":{}},{"ancestorTitles":["HealthController","metrics"],"fullName":"HealthController metrics should return Prometheus metrics when available","status":"passed","title":"should return Prometheus metrics when available","duration":0.3808999999999969,"failureMessages":[],"meta":{}},{"ancestorTitles":["HealthController","metrics"],"fullName":"HealthController metrics should return error when metrics service not available","status":"passed","title":"should return error when metrics service not available","duration":0.22050000000001546,"failureMessages":[],"meta":{}},{"ancestorTitles":["HealthController","kpi"],"fullName":"HealthController kpi should return KPI metrics when available","status":"passed","title":"should return KPI metrics when available","duration":0.22839999999996508,"failureMessages":[],"meta":{}},{"ancestorTitles":["HealthController","kpi"],"fullName":"HealthController kpi should return error when metrics service not available","status":"passed","title":"should return error when metrics service not available","duration":0.2335000000000491,"failureMessages":[],"meta":{}}],"startTime":1767863723853,"endTime":1767863723859.2334,"status":"passed","message":"","name":"C:/cursor.ai/WattOS_Plattform/packages/shared/src/observability/__tests__/health.controller.test.ts"},{"assertionResults":[{"ancestorTitles":["HealthService - Extended Tests","checkDatabase"],"fullName":"HealthService - Extended Tests checkDatabase should return down when Prisma is not available","status":"passed","title":"should return down when Prisma is not available","duration":3.469500000000153,"failureMessages":[],"meta":{}},{"ancestorTitles":["HealthService - Extended Tests","checkDatabase"],"fullName":"HealthService - Extended Tests checkDatabase should return down when Prisma is not properly initialized","status":"passed","title":"should return down when Prisma is not properly initialized","duration":1.2015000000001237,"failureMessages":[],"meta":{}},{"ancestorTitles":["HealthService - Extended Tests","checkDatabase"],"fullName":"HealthService - Extended Tests checkDatabase should return up when database query succeeds","status":"passed","title":"should return up when database query succeeds","duration":0.7046000000000276,"failureMessages":[],"meta":{}},{"ancestorTitles":["HealthService - Extended Tests","checkDatabase"],"fullName":"HealthService - Extended Tests checkDatabase should return down when database query fails","status":"passed","title":"should return down when database query fails","duration":0.7789999999999964,"failureMessages":[],"meta":{}},{"ancestorTitles":["HealthService - Extended Tests","checkDatabase"],"fullName":"HealthService - Extended Tests checkDatabase should handle non-Error exceptions","status":"passed","title":"should handle non-Error exceptions","duration":0.5911000000000968,"failureMessages":[],"meta":{}},{"ancestorTitles":["HealthService - Extended Tests","checkRedis"],"fullName":"HealthService - Extended Tests checkRedis should return down when Redis URL is not configured","status":"passed","title":"should return down when Redis URL is not configured","duration":0.868099999999913,"failureMessages":[],"meta":{}},{"ancestorTitles":["HealthService - Extended Tests","checkLlmGateway"],"fullName":"HealthService - Extended Tests checkLlmGateway should return up when LLM Gateway responds with 200","status":"passed","title":"should return up when LLM Gateway responds with 200","duration":1.1277999999999793,"failureMessages":[],"meta":{}},{"ancestorTitles":["HealthService - Extended Tests","checkLlmGateway"],"fullName":"HealthService - Extended Tests checkLlmGateway should return down when LLM Gateway responds with non-200","status":"passed","title":"should return down when LLM Gateway responds with non-200","duration":0.8164999999999054,"failureMessages":[],"meta":{}},{"ancestorTitles":["HealthService - Extended Tests","checkLlmGateway"],"fullName":"HealthService - Extended Tests checkLlmGateway should return down when LLM Gateway request fails","status":"passed","title":"should return down when LLM Gateway request fails","duration":1.0326000000000022,"failureMessages":[],"meta":{}},{"ancestorTitles":["HealthService - Extended Tests","checkRagService"],"fullName":"HealthService - Extended Tests checkRagService should return up when RAG Service responds with 200","status":"passed","title":"should return up when RAG Service responds with 200","duration":0.8282000000001517,"failureMessages":[],"meta":{}},{"ancestorTitles":["HealthService - Extended Tests","checkRagService"],"fullName":"HealthService - Extended Tests checkRagService should return down when RAG Service responds with non-200","status":"passed","title":"should return down when RAG Service responds with non-200","duration":0.7368000000001302,"failureMessages":[],"meta":{}},{"ancestorTitles":["HealthService - Extended Tests","checkHealth"],"fullName":"HealthService - Extended Tests checkHealth should return healthy when all checks pass","status":"passed","title":"should return healthy when all checks pass","duration":1.758600000000115,"failureMessages":[],"meta":{}},{"ancestorTitles":["HealthService - Extended Tests","checkHealth"],"fullName":"HealthService - Extended Tests checkHealth should return unhealthy when database is down","status":"passed","title":"should return unhealthy when database is down","duration":0.9742999999998574,"failureMessages":[],"meta":{}},{"ancestorTitles":["HealthService - Extended Tests","checkHealth"],"fullName":"HealthService - Extended Tests checkHealth should return degraded when non-critical services are down","status":"passed","title":"should return degraded when non-critical services are down","duration":1.2062999999998283,"failureMessages":[],"meta":{}},{"ancestorTitles":["HealthService - Extended Tests","readiness"],"fullName":"HealthService - Extended Tests readiness should return ready when database is up","status":"passed","title":"should return ready when database is up","duration":1.0996999999999844,"failureMessages":[],"meta":{}},{"ancestorTitles":["HealthService - Extended Tests","readiness"],"fullName":"HealthService - Extended Tests readiness should return not_ready when database is down","status":"passed","title":"should return not_ready when database is down","duration":0.8156999999998789,"failureMessages":[],"meta":{}},{"ancestorTitles":["HealthService - Extended Tests","liveness"],"fullName":"HealthService - Extended Tests liveness should always return alive","status":"passed","title":"should always return alive","duration":0.6865999999999985,"failureMessages":[],"meta":{}}],"startTime":1767863723096,"endTime":1767863723116.6865,"status":"passed","message":"","name":"C:/cursor.ai/WattOS_Plattform/packages/shared/src/observability/__tests__/health.service.extended.test.ts"},{"assertionResults":[],"startTime":1767863721431,"endTime":1767863721431,"status":"passed","message":"","name":"C:/cursor.ai/WattOS_Plattform/packages/shared/src/observability/__tests__/logger.service.extended.test.ts"},{"assertionResults":[{"ancestorTitles":["StructuredLoggerService","setContext"],"fullName":"StructuredLoggerService setContext should set context and return service instance","status":"passed","title":"should set context and return service instance","duration":11.822400000000016,"failureMessages":[],"meta":{}},{"ancestorTitles":["StructuredLoggerService","log"],"fullName":"StructuredLoggerService log should log info message","status":"passed","title":"should log info message","duration":4.281999999999925,"failureMessages":[],"meta":{}},{"ancestorTitles":["StructuredLoggerService","error"],"fullName":"StructuredLoggerService error should log error message","status":"passed","title":"should log error message","duration":2.245200000000068,"failureMessages":[],"meta":{}},{"ancestorTitles":["StructuredLoggerService","warn"],"fullName":"StructuredLoggerService warn should log warning message","status":"passed","title":"should log warning message","duration":2.006900000000087,"failureMessages":[],"meta":{}},{"ancestorTitles":["StructuredLoggerService","logWithMetadata"],"fullName":"StructuredLoggerService logWithMetadata should log with metadata","status":"passed","title":"should log with metadata","duration":3.62519999999995,"failureMessages":[],"meta":{}},{"ancestorTitles":["StructuredLoggerService","logPerformance"],"fullName":"StructuredLoggerService logPerformance should log performance metrics","status":"passed","title":"should log performance metrics","duration":2.589200000000119,"failureMessages":[],"meta":{}},{"ancestorTitles":["StructuredLoggerService","logRequest"],"fullName":"StructuredLoggerService logRequest should log HTTP request","status":"passed","title":"should log HTTP request","duration":2.4202000000000226,"failureMessages":[],"meta":{}}],"startTime":1767863723097,"endTime":1767863723127.4202,"status":"passed","message":"","name":"C:/cursor.ai/WattOS_Plattform/packages/shared/src/observability/__tests__/logger.service.test.ts"},{"assertionResults":[{"ancestorTitles":["MetricsService","incrementCounter"],"fullName":"MetricsService incrementCounter should increment counter with default value","status":"passed","title":"should increment counter with default value","duration":2.963399999999865,"failureMessages":[],"meta":{}},{"ancestorTitles":["MetricsService","incrementCounter"],"fullName":"MetricsService incrementCounter should increment counter with labels","status":"passed","title":"should increment counter with labels","duration":0.3188000000000102,"failureMessages":[],"meta":{}},{"ancestorTitles":["MetricsService","recordHistogram"],"fullName":"MetricsService recordHistogram should record histogram value","status":"passed","title":"should record histogram value","duration":0.25510000000008404,"failureMessages":[],"meta":{}},{"ancestorTitles":["MetricsService","setGauge"],"fullName":"MetricsService setGauge should set gauge value","status":"passed","title":"should set gauge value","duration":0.2038000000000011,"failureMessages":[],"meta":{}},{"ancestorTitles":["MetricsService","recordHttpRequest"],"fullName":"MetricsService recordHttpRequest should record HTTP request metrics","status":"passed","title":"should record HTTP request metrics","duration":0.3949999999999818,"failureMessages":[],"meta":{}},{"ancestorTitles":["MetricsService","recordLlmCall"],"fullName":"MetricsService recordLlmCall should record LLM call metrics","status":"passed","title":"should record LLM call metrics","duration":0.2982999999999265,"failureMessages":[],"meta":{}},{"ancestorTitles":["MetricsService","recordDbQuery"],"fullName":"MetricsService recordDbQuery should record database query","status":"passed","title":"should record database query","duration":0.2842000000000553,"failureMessages":[],"meta":{}},{"ancestorTitles":["MetricsService","recordCacheOperation"],"fullName":"MetricsService recordCacheOperation should record cache operation","status":"passed","title":"should record cache operation","duration":0.22530000000006112,"failureMessages":[],"meta":{}},{"ancestorTitles":["MetricsService","exportPrometheus"],"fullName":"MetricsService exportPrometheus should export counters in Prometheus format","status":"passed","title":"should export counters in Prometheus format","duration":0.3623999999999796,"failureMessages":[],"meta":{}},{"ancestorTitles":["MetricsService","exportPrometheus"],"fullName":"MetricsService exportPrometheus should export histograms with sum, count, and avg","status":"passed","title":"should export histograms with sum, count, and avg","duration":0.25979999999981374,"failureMessages":[],"meta":{}},{"ancestorTitles":["MetricsService","getKpiMetrics"],"fullName":"MetricsService getKpiMetrics should return KPI metrics for HTTP requests","status":"passed","title":"should return KPI metrics for HTTP requests","duration":0.7240999999999076,"failureMessages":[],"meta":{}},{"ancestorTitles":["MetricsService","getKpiMetrics"],"fullName":"MetricsService getKpiMetrics should return KPI metrics for LLM calls","status":"passed","title":"should return KPI metrics for LLM calls","duration":0.3324999999999818,"failureMessages":[],"meta":{}},{"ancestorTitles":["MetricsService","reset"],"fullName":"MetricsService reset should clear all metrics","status":"passed","title":"should clear all metrics","duration":0.41390000000001237,"failureMessages":[],"meta":{}}],"startTime":1767863723690,"endTime":1767863723698.4138,"status":"passed","message":"","name":"C:/cursor.ai/WattOS_Plattform/packages/shared/src/observability/__tests__/metrics.service.test.ts"},{"assertionResults":[{"ancestorTitles":["RequestIdMiddleware"],"fullName":"RequestIdMiddleware should generate new request ID if not present in header","status":"passed","title":"should generate new request ID if not present in header","duration":6.250300000000038,"failureMessages":[],"meta":{}},{"ancestorTitles":["RequestIdMiddleware"],"fullName":"RequestIdMiddleware should use existing request ID from header","status":"passed","title":"should use existing request ID from header","duration":0.4089999999999918,"failureMessages":[],"meta":{}},{"ancestorTitles":["RequestIdMiddleware"],"fullName":"RequestIdMiddleware should add request ID to request object","status":"passed","title":"should add request ID to request object","duration":0.286200000000008,"failureMessages":[],"meta":{}}],"startTime":1767863723799,"endTime":1767863723806.409,"status":"passed","message":"","name":"C:/cursor.ai/WattOS_Plattform/packages/shared/src/observability/__tests__/request-id.middleware.test.ts"},{"assertionResults":[{"ancestorTitles":["RequestLoggingMiddleware"],"fullName":"RequestLoggingMiddleware should log incoming request","status":"passed","title":"should log incoming request","duration":2.5978999999999814,"failureMessages":[],"meta":{}},{"ancestorTitles":["RequestLoggingMiddleware"],"fullName":"RequestLoggingMiddleware should log request completion on finish","status":"passed","title":"should log request completion on finish","duration":0.3587999999999738,"failureMessages":[],"meta":{}},{"ancestorTitles":["RequestLoggingMiddleware"],"fullName":"RequestLoggingMiddleware should log errors on response error","status":"passed","title":"should log errors on response error","duration":3.130300000000034,"failureMessages":[],"meta":{}}],"startTime":1767863723844,"endTime":1767863723850.1304,"status":"passed","message":"","name":"C:/cursor.ai/WattOS_Plattform/packages/shared/src/observability/__tests__/request-logging.middleware.test.ts"},{"assertionResults":[{"ancestorTitles":["sleep"],"fullName":"sleep should wait for specified milliseconds","status":"passed","title":"should wait for specified milliseconds","duration":108.7491,"failureMessages":[],"meta":{}},{"ancestorTitles":["retry"],"fullName":"retry should retry on failure","status":"passed","title":"should retry on failure","duration":46.83580000000006,"failureMessages":[],"meta":{}},{"ancestorTitles":["retry"],"fullName":"retry should throw error after max retries","status":"passed","title":"should throw error after max retries","duration":46.36799999999994,"failureMessages":[],"meta":{}},{"ancestorTitles":["formatBytes"],"fullName":"formatBytes should format bytes","status":"passed","title":"should format bytes","duration":0.4956999999999425,"failureMessages":[],"meta":{}},{"ancestorTitles":["sanitizeFilename"],"fullName":"sanitizeFilename should sanitize filename","status":"passed","title":"should sanitize filename","duration":1.3848999999997886,"failureMessages":[],"meta":{}},{"ancestorTitles":["generateId"],"fullName":"generateId should generate unique IDs","status":"passed","title":"should generate unique IDs","duration":1.6054999999998927,"failureMessages":[],"meta":{}},{"ancestorTitles":["isValidEmail"],"fullName":"isValidEmail should validate correct email addresses","status":"passed","title":"should validate correct email addresses","duration":0.5205999999998312,"failureMessages":[],"meta":{}},{"ancestorTitles":["isValidEmail"],"fullName":"isValidEmail should reject invalid email addresses","status":"passed","title":"should reject invalid email addresses","duration":0.36219999999980246,"failureMessages":[],"meta":{}}],"startTime":1767863722369,"endTime":1767863722577.3623,"status":"passed","message":"","name":"C:/cursor.ai/WattOS_Plattform/packages/shared/src/utils/__tests__/index.test.ts"},{"assertionResults":[{"ancestorTitles":["safeJsonParse"],"fullName":"safeJsonParse should parse valid JSON","status":"passed","title":"should parse valid JSON","duration":3.5564000000000533,"failureMessages":[],"meta":{}},{"ancestorTitles":["safeJsonParse"],"fullName":"safeJsonParse should return fallback on parse error","status":"passed","title":"should return fallback on parse error","duration":0.5468999999999369,"failureMessages":[],"meta":{}},{"ancestorTitles":["safeJsonParse"],"fullName":"safeJsonParse should throw error in strict mode","status":"passed","title":"should throw error in strict mode","duration":1.6263999999999896,"failureMessages":[],"meta":{}},{"ancestorTitles":["safeJsonParse"],"fullName":"safeJsonParse should reject JSON exceeding maxLength","status":"passed","title":"should reject JSON exceeding maxLength","duration":0.36580000000003565,"failureMessages":[],"meta":{}},{"ancestorTitles":["safeJsonStringify"],"fullName":"safeJsonStringify should stringify objects","status":"passed","title":"should stringify objects","duration":0.5043999999999187,"failureMessages":[],"meta":{}},{"ancestorTitles":["safeJsonStringify"],"fullName":"safeJsonStringify should return fallback on stringify error","status":"passed","title":"should return fallback on stringify error","duration":0.2624000000000706,"failureMessages":[],"meta":{}},{"ancestorTitles":["safeJsonStringify"],"fullName":"safeJsonStringify should throw error in strict mode","status":"passed","title":"should throw error in strict mode","duration":0.37229999999999563,"failureMessages":[],"meta":{}},{"ancestorTitles":["safeJsonParseWithSchema"],"fullName":"safeJsonParseWithSchema should parse and validate JSON with schema","status":"passed","title":"should parse and validate JSON with schema","duration":1.8628999999999678,"failureMessages":[],"meta":{}},{"ancestorTitles":["safeJsonParseWithSchema"],"fullName":"safeJsonParseWithSchema should throw error on invalid schema","status":"passed","title":"should throw error on invalid schema","duration":1.383100000000013,"failureMessages":[],"meta":{}}],"startTime":1767863723178,"endTime":1767863723190.383,"status":"passed","message":"","name":"C:/cursor.ai/WattOS_Plattform/packages/shared/src/utils/__tests__/safe-json.test.ts"},{"assertionResults":[{"ancestorTitles":["sanitizeHtml"],"fullName":"sanitizeHtml should sanitize HTML on server-side (no window)","status":"passed","title":"should sanitize HTML on server-side (no window)","duration":3.34030000000007,"failureMessages":[],"meta":{}},{"ancestorTitles":["sanitizeHtml"],"fullName":"sanitizeHtml should remove all HTML tags on server-side","status":"passed","title":"should remove all HTML tags on server-side","duration":0.44650000000001455,"failureMessages":[],"meta":{}},{"ancestorTitles":["sanitizeHtml"],"fullName":"sanitizeHtml should handle empty string","status":"passed","title":"should handle empty string","duration":0.47479999999995925,"failureMessages":[],"meta":{}},{"ancestorTitles":["sanitizeHtml"],"fullName":"sanitizeHtml should handle plain text without HTML","status":"passed","title":"should handle plain text without HTML","duration":0.21719999999993433,"failureMessages":[],"meta":{}},{"ancestorTitles":["sanitizeText"],"fullName":"sanitizeText should remove null bytes","status":"passed","title":"should remove null bytes","duration":0.4380999999999631,"failureMessages":[],"meta":{}},{"ancestorTitles":["sanitizeText"],"fullName":"sanitizeText should remove control characters except newline, carriage return, tab","status":"passed","title":"should remove control characters except newline, carriage return, tab","duration":0.30380000000002383,"failureMessages":[],"meta":{}},{"ancestorTitles":["sanitizeText"],"fullName":"sanitizeText should trim whitespace","status":"passed","title":"should trim whitespace","duration":0.2501999999999498,"failureMessages":[],"meta":{}},{"ancestorTitles":["validateUrl"],"fullName":"validateUrl should validate HTTP URLs","status":"passed","title":"should validate HTTP URLs","duration":0.26530000000002474,"failureMessages":[],"meta":{}},{"ancestorTitles":["validateUrl"],"fullName":"validateUrl should validate HTTPS URLs","status":"passed","title":"should validate HTTPS URLs","duration":0.38649999999995543,"failureMessages":[],"meta":{}},{"ancestorTitles":["validateUrl"],"fullName":"validateUrl should reject javascript: URLs","status":"passed","title":"should reject javascript: URLs","duration":0.23829999999998108,"failureMessages":[],"meta":{}},{"ancestorTitles":["validateUrl"],"fullName":"validateUrl should reject data: URLs","status":"passed","title":"should reject data: URLs","duration":0.21420000000000528,"failureMessages":[],"meta":{}},{"ancestorTitles":["validateUrl"],"fullName":"validateUrl should reject invalid URLs","status":"passed","title":"should reject invalid URLs","duration":0.23640000000000327,"failureMessages":[],"meta":{}},{"ancestorTitles":["sanitizePath"],"fullName":"sanitizePath should remove path traversal sequences","status":"passed","title":"should remove path traversal sequences","duration":0.3894000000000233,"failureMessages":[],"meta":{}},{"ancestorTitles":["sanitizePath"],"fullName":"sanitizePath should remove leading slashes","status":"passed","title":"should remove leading slashes","duration":0.34799999999995634,"failureMessages":[],"meta":{}},{"ancestorTitles":["sanitizePath"],"fullName":"sanitizePath should replace invalid characters with underscore","status":"passed","title":"should replace invalid characters with underscore","duration":0.2017999999999347,"failureMessages":[],"meta":{}}],"startTime":1767863723083,"endTime":1767863723092.202,"status":"passed","message":"","name":"C:/cursor.ai/WattOS_Plattform/packages/shared/src/utils/__tests__/sanitize.test.ts"},{"assertionResults":[{"ancestorTitles":["tool-serializer - Extended Tests","sanitizeToolSchema - Edge Cases"],"fullName":"tool-serializer - Extended Tests sanitizeToolSchema - Edge Cases should handle schema with nested objects","status":"passed","title":"should handle schema with nested objects","duration":4.561400000000049,"failureMessages":[],"meta":{}},{"ancestorTitles":["tool-serializer - Extended Tests","sanitizeToolSchema - Edge Cases"],"fullName":"tool-serializer - Extended Tests sanitizeToolSchema - Edge Cases should handle schema with array properties","status":"passed","title":"should handle schema with array properties","duration":0.4704999999999018,"failureMessages":[],"meta":{}},{"ancestorTitles":["tool-serializer - Extended Tests","sanitizeToolSchema - Edge Cases"],"fullName":"tool-serializer - Extended Tests sanitizeToolSchema - Edge Cases should handle schema with required fields","status":"passed","title":"should handle schema with required fields","duration":0.7214000000000169,"failureMessages":[],"meta":{}},{"ancestorTitles":["tool-serializer - Extended Tests","sanitizeToolSchema - Edge Cases"],"fullName":"tool-serializer - Extended Tests sanitizeToolSchema - Edge Cases should handle schema with enum","status":"passed","title":"should handle schema with enum","duration":0.31970000000001164,"failureMessages":[],"meta":{}},{"ancestorTitles":["tool-serializer - Extended Tests","convertToOpenAIToolFormat - Edge Cases"],"fullName":"tool-serializer - Extended Tests convertToOpenAIToolFormat - Edge Cases should handle tool with function property","status":"passed","title":"should handle tool with function property","duration":1.8020999999999958,"failureMessages":[],"meta":{}},{"ancestorTitles":["tool-serializer - Extended Tests","convertToOpenAIToolFormat - Edge Cases"],"fullName":"tool-serializer - Extended Tests convertToOpenAIToolFormat - Edge Cases should handle tool with invalid parameters","status":"passed","title":"should handle tool with invalid parameters","duration":0.3307999999999538,"failureMessages":[],"meta":{}},{"ancestorTitles":["tool-serializer - Extended Tests","convertToOpenAIToolFormat - Edge Cases"],"fullName":"tool-serializer - Extended Tests convertToOpenAIToolFormat - Edge Cases should handle tool without name","status":"passed","title":"should handle tool without name","duration":0.39549999999997,"failureMessages":[],"meta":{}},{"ancestorTitles":["tool-serializer - Extended Tests","convertToOpenAIToolFormat - Edge Cases"],"fullName":"tool-serializer - Extended Tests convertToOpenAIToolFormat - Edge Cases should handle tool without description","status":"passed","title":"should handle tool without description","duration":0.4248999999999796,"failureMessages":[],"meta":{}},{"ancestorTitles":["tool-serializer - Extended Tests","convertToOpenAIToolFormat - Edge Cases"],"fullName":"tool-serializer - Extended Tests convertToOpenAIToolFormat - Edge Cases should handle empty tools array","status":"passed","title":"should handle empty tools array","duration":0.8694000000000415,"failureMessages":[],"meta":{}},{"ancestorTitles":["tool-serializer - Extended Tests","convertToOpenAIToolFormat - Edge Cases"],"fullName":"tool-serializer - Extended Tests convertToOpenAIToolFormat - Edge Cases should handle tools with circular references gracefully","status":"passed","title":"should handle tools with circular references gracefully","duration":0.35779999999999745,"failureMessages":[],"meta":{}},{"ancestorTitles":["tool-serializer - Extended Tests","convertToOpenAIToolFormat - Edge Cases"],"fullName":"tool-serializer - Extended Tests convertToOpenAIToolFormat - Edge Cases should handle tool with function in parameters","status":"passed","title":"should handle tool with function in parameters","duration":0.4613999999999123,"failureMessages":[],"meta":{}},{"ancestorTitles":["tool-serializer - Extended Tests","convertToOpenAIToolFormat - Edge Cases"],"fullName":"tool-serializer - Extended Tests convertToOpenAIToolFormat - Edge Cases should handle tool with different parameter types","status":"passed","title":"should handle tool with different parameter types","duration":0.522199999999998,"failureMessages":[],"meta":{}},{"ancestorTitles":["tool-serializer - Extended Tests","validateToolSerialization"],"fullName":"tool-serializer - Extended Tests validateToolSerialization should return false for null","status":"passed","title":"should return false for null","duration":0.29970000000002983,"failureMessages":[],"meta":{}},{"ancestorTitles":["tool-serializer - Extended Tests","validateToolSerialization"],"fullName":"tool-serializer - Extended Tests validateToolSerialization should return false for undefined","status":"passed","title":"should return false for undefined","duration":0.31939999999997326,"failureMessages":[],"meta":{}},{"ancestorTitles":["tool-serializer - Extended Tests","validateToolSerialization"],"fullName":"tool-serializer - Extended Tests validateToolSerialization should return false for non-array","status":"passed","title":"should return false for non-array","duration":0.2927999999999429,"failureMessages":[],"meta":{}},{"ancestorTitles":["tool-serializer - Extended Tests","validateToolSerialization"],"fullName":"tool-serializer - Extended Tests validateToolSerialization should return false for tools that cannot be serialized","status":"skipped","title":"should return false for tools that cannot be serialized","failureMessages":[],"meta":{}},{"ancestorTitles":["tool-serializer - Extended Tests","validateToolSerialization"],"fullName":"tool-serializer - Extended Tests validateToolSerialization should return true for valid tools","status":"passed","title":"should return true for valid tools","duration":0.4178999999999178,"failureMessages":[],"meta":{}},{"ancestorTitles":["tool-serializer - Extended Tests","validateRequestWithTools"],"fullName":"tool-serializer - Extended Tests validateRequestWithTools should return true for request without tools","status":"passed","title":"should return true for request without tools","duration":0.3351999999999862,"failureMessages":[],"meta":{}},{"ancestorTitles":["tool-serializer - Extended Tests","validateRequestWithTools"],"fullName":"tool-serializer - Extended Tests validateRequestWithTools should return true for request with valid tools","status":"passed","title":"should return true for request with valid tools","duration":0.4069999999999254,"failureMessages":[],"meta":{}},{"ancestorTitles":["tool-serializer - Extended Tests","validateRequestWithTools"],"fullName":"tool-serializer - Extended Tests validateRequestWithTools should return false for request with invalid tools","status":"skipped","title":"should return false for request with invalid tools","failureMessages":[],"meta":{}},{"ancestorTitles":["tool-serializer - Extended Tests","validateRequestWithTools"],"fullName":"tool-serializer - Extended Tests validateRequestWithTools should return false for request with non-array tools","status":"skipped","title":"should return false for request with non-array tools","failureMessages":[],"meta":{}},{"ancestorTitles":["tool-serializer - Extended Tests","validateRequestWithTools"],"fullName":"tool-serializer - Extended Tests validateRequestWithTools should return false for request that cannot be serialized","status":"passed","title":"should return false for request that cannot be serialized","duration":0.31729999999993197,"failureMessages":[],"meta":{}},{"ancestorTitles":["tool-serializer - Extended Tests","validateRequestWithTools"],"fullName":"tool-serializer - Extended Tests validateRequestWithTools should handle request with empty tools array","status":"passed","title":"should handle request with empty tools array","duration":0.44220000000007076,"failureMessages":[],"meta":{}}],"startTime":1767863722370,"endTime":1767863722385.4421,"status":"passed","message":"","name":"C:/cursor.ai/WattOS_Plattform/packages/shared/src/utils/__tests__/tool-serializer.extended.test.ts"},{"assertionResults":[{"ancestorTitles":["sanitizeToolSchema"],"fullName":"sanitizeToolSchema should return default schema for null/undefined","status":"passed","title":"should return default schema for null/undefined","duration":3.963300000000004,"failureMessages":[],"meta":{}},{"ancestorTitles":["sanitizeToolSchema"],"fullName":"sanitizeToolSchema should sanitize valid schema","status":"passed","title":"should sanitize valid schema","duration":1.5597000000000207,"failureMessages":[],"meta":{}},{"ancestorTitles":["sanitizeToolSchema"],"fullName":"sanitizeToolSchema should remove functions from schema","status":"passed","title":"should remove functions from schema","duration":1.0874000000000024,"failureMessages":[],"meta":{}},{"ancestorTitles":["sanitizeToolSchema"],"fullName":"sanitizeToolSchema should handle circular references","status":"passed","title":"should handle circular references","duration":0.3875000000000455,"failureMessages":[],"meta":{}},{"ancestorTitles":["convertToOpenAIToolFormat"],"fullName":"convertToOpenAIToolFormat should convert ToolDefinition to OpenAI format","status":"passed","title":"should convert ToolDefinition to OpenAI format","duration":1.4923000000000002,"failureMessages":[],"meta":{}},{"ancestorTitles":["convertToOpenAIToolFormat"],"fullName":"convertToOpenAIToolFormat should return empty array for invalid tools","status":"passed","title":"should return empty array for invalid tools","duration":0.3351000000000113,"failureMessages":[],"meta":{}},{"ancestorTitles":["validateToolSerialization"],"fullName":"validateToolSerialization should return true for valid tools","status":"passed","title":"should return true for valid tools","duration":0.4780000000000655,"failureMessages":[],"meta":{}},{"ancestorTitles":["validateToolSerialization"],"fullName":"validateToolSerialization should return false for invalid tools","status":"passed","title":"should return false for invalid tools","duration":0.19019999999989068,"failureMessages":[],"meta":{}},{"ancestorTitles":["validateRequestWithTools"],"fullName":"validateRequestWithTools should return true for valid request","status":"passed","title":"should return true for valid request","duration":0.3451999999999771,"failureMessages":[],"meta":{}},{"ancestorTitles":["validateRequestWithTools"],"fullName":"validateRequestWithTools should return false for invalid request","status":"passed","title":"should return false for invalid request","duration":0.2539999999999054,"failureMessages":[],"meta":{}}],"startTime":1767863722369,"endTime":1767863722380.3452,"status":"passed","message":"","name":"C:/cursor.ai/WattOS_Plattform/packages/shared/src/utils/__tests__/tool-serializer.test.ts"},{"assertionResults":[{"ancestorTitles":["CircuitBreakerService - Extended Tests","getCircuitState"],"fullName":"CircuitBreakerService - Extended Tests getCircuitState should return CLOSED for non-existent circuit","status":"passed","title":"should return CLOSED for non-existent circuit","duration":4.2818999999999505,"failureMessages":[],"meta":{}},{"ancestorTitles":["CircuitBreakerService - Extended Tests","getCircuitState"],"fullName":"CircuitBreakerService - Extended Tests getCircuitState should return current circuit state","status":"passed","title":"should return current circuit state","duration":3.7490999999999985,"failureMessages":[],"meta":{}},{"ancestorTitles":["CircuitBreakerService - Extended Tests","resetCircuit"],"fullName":"CircuitBreakerService - Extended Tests resetCircuit should reset circuit to CLOSED state","status":"passed","title":"should reset circuit to CLOSED state","duration":1.0562999999999647,"failureMessages":[],"meta":{}},{"ancestorTitles":["CircuitBreakerService - Extended Tests","cleanupUnusedCircuits"],"fullName":"CircuitBreakerService - Extended Tests cleanupUnusedCircuits should cleanup unused circuits","status":"passed","title":"should cleanup unused circuits","duration":0.8157000000001062,"failureMessages":[],"meta":{}},{"ancestorTitles":["CircuitBreakerService - Extended Tests","State Transitions"],"fullName":"CircuitBreakerService - Extended Tests State Transitions should transition from CLOSED to OPEN after threshold failures","status":"passed","title":"should transition from CLOSED to OPEN after threshold failures","duration":1.681100000000015,"failureMessages":[],"meta":{}},{"ancestorTitles":["CircuitBreakerService - Extended Tests","State Transitions"],"fullName":"CircuitBreakerService - Extended Tests State Transitions should transition from OPEN to HALF_OPEN after reset timeout","status":"passed","title":"should transition from OPEN to HALF_OPEN after reset timeout","duration":156.70190000000002,"failureMessages":[],"meta":{}},{"ancestorTitles":["CircuitBreakerService - Extended Tests","State Transitions"],"fullName":"CircuitBreakerService - Extended Tests State Transitions should transition from HALF_OPEN to CLOSED on success","status":"passed","title":"should transition from HALF_OPEN to CLOSED on success","duration":151.96409999999992,"failureMessages":[],"meta":{}}],"startTime":1767863723343,"endTime":1767863723663.964,"status":"passed","message":"","name":"C:/cursor.ai/WattOS_Plattform/packages/shared/src/resilience/__tests__/circuit-breaker.service.extended.test.ts"},{"assertionResults":[{"ancestorTitles":["CircuitBreakerService","execute"],"fullName":"CircuitBreakerService execute should execute operation when circuit is closed","status":"passed","title":"should execute operation when circuit is closed","duration":8.673199999999952,"failureMessages":[],"meta":{}},{"ancestorTitles":["CircuitBreakerService","execute"],"fullName":"CircuitBreakerService execute should open circuit after failure threshold","status":"passed","title":"should open circuit after failure threshold","duration":4.8759000000000015,"failureMessages":[],"meta":{}},{"ancestorTitles":["CircuitBreakerService","execute"],"fullName":"CircuitBreakerService execute should transition to half-open after reset timeout","status":"passed","title":"should transition to half-open after reset timeout","duration":1.9764999999999873,"failureMessages":[],"meta":{}},{"ancestorTitles":["CircuitBreakerService","execute"],"fullName":"CircuitBreakerService execute should allow one request in half-open state","status":"passed","title":"should allow one request in half-open state","duration":1.7339999999999236,"failureMessages":[],"meta":{}},{"ancestorTitles":["CircuitBreakerService","execute"],"fullName":"CircuitBreakerService execute should reject additional requests in half-open state","status":"passed","title":"should reject additional requests in half-open state","duration":1.2282000000000153,"failureMessages":[],"meta":{}},{"ancestorTitles":["CircuitBreakerService","execute"],"fullName":"CircuitBreakerService execute should close circuit after success in half-open","status":"passed","title":"should close circuit after success in half-open","duration":1.3411000000000968,"failureMessages":[],"meta":{}},{"ancestorTitles":["CircuitBreakerService","getCircuitState"],"fullName":"CircuitBreakerService getCircuitState should return CLOSED for non-existent circuit","status":"passed","title":"should return CLOSED for non-existent circuit","duration":0.6850000000001728,"failureMessages":[],"meta":{}},{"ancestorTitles":["CircuitBreakerService","getCircuitState"],"fullName":"CircuitBreakerService getCircuitState should return current state of circuit","status":"passed","title":"should return current state of circuit","duration":0.6150000000000091,"failureMessages":[],"meta":{}},{"ancestorTitles":["CircuitBreakerService","resetCircuit"],"fullName":"CircuitBreakerService resetCircuit should reset circuit to closed state","status":"passed","title":"should reset circuit to closed state","duration":1.2203000000001794,"failureMessages":[],"meta":{}},{"ancestorTitles":["CircuitBreakerService","resetCircuit"],"fullName":"CircuitBreakerService resetCircuit should allow operations after reset","status":"passed","title":"should allow operations after reset","duration":1.2989999999999782,"failureMessages":[],"meta":{}}],"startTime":1767863723351,"endTime":1767863723375.299,"status":"passed","message":"","name":"C:/cursor.ai/WattOS_Plattform/packages/shared/src/resilience/__tests__/circuit-breaker.service.test.ts"},{"assertionResults":[{"ancestorTitles":["RetryService - Extended Tests","executeWithRetry - Error Types"],"fullName":"RetryService - Extended Tests executeWithRetry - Error Types should retry on ECONNREFUSED error","status":"passed","title":"should retry on ECONNREFUSED error","duration":123.55950000000007,"failureMessages":[],"meta":{}},{"ancestorTitles":["RetryService - Extended Tests","executeWithRetry - Error Types"],"fullName":"RetryService - Extended Tests executeWithRetry - Error Types should retry on ETIMEDOUT error","status":"passed","title":"should retry on ETIMEDOUT error","duration":116.57310000000007,"failureMessages":[],"meta":{}},{"ancestorTitles":["RetryService - Extended Tests","executeWithRetry - Error Types"],"fullName":"RetryService - Extended Tests executeWithRetry - Error Types should retry on 5xx HTTP errors","status":"passed","title":"should retry on 5xx HTTP errors","duration":115.31100000000015,"failureMessages":[],"meta":{}},{"ancestorTitles":["RetryService - Extended Tests","executeWithRetry - Error Types"],"fullName":"RetryService - Extended Tests executeWithRetry - Error Types should not retry on 4xx HTTP errors","status":"passed","title":"should not retry on 4xx HTTP errors","duration":4.89689999999996,"failureMessages":[],"meta":{}},{"ancestorTitles":["RetryService - Extended Tests","executeWithRetry - Error Types"],"fullName":"RetryService - Extended Tests executeWithRetry - Error Types should not retry on non-retryable errors","status":"passed","title":"should not retry on non-retryable errors","duration":1.2756999999999152,"failureMessages":[],"meta":{}},{"ancestorTitles":["RetryService - Extended Tests","executeWithRetry - Error Types"],"fullName":"RetryService - Extended Tests executeWithRetry - Error Types should use custom retryableErrors function","status":"passed","title":"should use custom retryableErrors function","duration":107.97520000000009,"failureMessages":[],"meta":{}},{"ancestorTitles":["RetryService - Extended Tests","executeWithRetry - Error Types"],"fullName":"RetryService - Extended Tests executeWithRetry - Error Types should not retry when custom retryableErrors returns false","status":"passed","title":"should not retry when custom retryableErrors returns false","duration":0.8555999999998676,"failureMessages":[],"meta":{}},{"ancestorTitles":["RetryService - Extended Tests","executeWithRetry - Backoff Behavior"],"fullName":"RetryService - Extended Tests executeWithRetry - Backoff Behavior should use exponential backoff","status":"passed","title":"should use exponential backoff","duration":28.7192,"failureMessages":[],"meta":{}},{"ancestorTitles":["RetryService - Extended Tests","executeWithRetry - Backoff Behavior"],"fullName":"RetryService - Extended Tests executeWithRetry - Backoff Behavior should cap delay at maxDelay","status":"passed","title":"should cap delay at maxDelay","duration":65.95190000000002,"failureMessages":[],"meta":{}},{"ancestorTitles":["RetryService - Extended Tests","executeWithRetry - Options Override"],"fullName":"RetryService - Extended Tests executeWithRetry - Options Override should override maxAttempts from options","status":"passed","title":"should override maxAttempts from options","duration":106.72129999999993,"failureMessages":[],"meta":{}},{"ancestorTitles":["RetryService - Extended Tests","executeWithRetry - Options Override"],"fullName":"RetryService - Extended Tests executeWithRetry - Options Override should use config values when options not provided","status":"passed","title":"should use config values when options not provided","duration":308.5108,"failureMessages":[],"meta":{}},{"ancestorTitles":["RetryService - Extended Tests","executeWithRetryAndCircuitBreaker"],"fullName":"RetryService - Extended Tests executeWithRetryAndCircuitBreaker should execute operation through circuit breaker","status":"passed","title":"should execute operation through circuit breaker","duration":2.7456999999999425,"failureMessages":[],"meta":{}},{"ancestorTitles":["RetryService - Extended Tests","executeWithRetry - Edge Cases"],"fullName":"RetryService - Extended Tests executeWithRetry - Edge Cases should handle non-Error exceptions","status":"passed","title":"should handle non-Error exceptions","duration":0.3909000000003289,"failureMessages":[],"meta":{}},{"ancestorTitles":["RetryService - Extended Tests","executeWithRetry - Edge Cases"],"fullName":"RetryService - Extended Tests executeWithRetry - Edge Cases should handle null errors","status":"passed","title":"should handle null errors","duration":0.3439000000003034,"failureMessages":[],"meta":{}},{"ancestorTitles":["RetryService - Extended Tests","executeWithRetry - Edge Cases"],"fullName":"RetryService - Extended Tests executeWithRetry - Edge Cases should succeed on first attempt","status":"passed","title":"should succeed on first attempt","duration":0.3388999999997395,"failureMessages":[],"meta":{}}],"startTime":1767863722946,"endTime":1767863723931.344,"status":"passed","message":"","name":"C:/cursor.ai/WattOS_Plattform/packages/shared/src/resilience/__tests__/retry.service.extended.test.ts"},{"assertionResults":[{"ancestorTitles":["RetryService","executeWithRetry"],"fullName":"RetryService executeWithRetry should succeed on first attempt","status":"passed","title":"should succeed on first attempt","duration":8.60590000000002,"failureMessages":[],"meta":{}},{"ancestorTitles":["RetryService","executeWithRetry"],"fullName":"RetryService executeWithRetry should retry on failure and succeed","status":"passed","title":"should retry on failure and succeed","duration":4.984699999999975,"failureMessages":[],"meta":{}},{"ancestorTitles":["RetryService","executeWithRetry"],"fullName":"RetryService executeWithRetry should throw error after max attempts","status":"passed","title":"should throw error after max attempts","duration":2.947200000000066,"failureMessages":[],"meta":{}},{"ancestorTitles":["RetryService","executeWithRetry"],"fullName":"RetryService executeWithRetry should retry 5xx errors by default","status":"passed","title":"should retry 5xx errors by default","duration":1.4115999999999076,"failureMessages":[],"meta":{}},{"ancestorTitles":["RetryService","executeWithRetryAndCircuitBreaker"],"fullName":"RetryService executeWithRetryAndCircuitBreaker should combine retry with circuit breaker","status":"passed","title":"should combine retry with circuit breaker","duration":5.148799999999937,"failureMessages":[],"meta":{}}],"startTime":1767863722925,"endTime":1767863722948.1487,"status":"passed","message":"","name":"C:/cursor.ai/WattOS_Plattform/packages/shared/src/resilience/__tests__/retry.service.test.ts"},{"assertionResults":[{"ancestorTitles":["ServiceDiscoveryService","platform detection"],"fullName":"ServiceDiscoveryService platform detection should detect railway platform from DEPLOYMENT_PLATFORM","status":"passed","title":"should detect railway platform from DEPLOYMENT_PLATFORM","duration":4.353200000000015,"failureMessages":[],"meta":{}},{"ancestorTitles":["ServiceDiscoveryService","platform detection"],"fullName":"ServiceDiscoveryService platform detection should detect kubernetes platform","status":"passed","title":"should detect kubernetes platform","duration":0.6707000000001244,"failureMessages":[],"meta":{}},{"ancestorTitles":["ServiceDiscoveryService","platform detection"],"fullName":"ServiceDiscoveryService platform detection should default to local platform","status":"passed","title":"should default to local platform","duration":0.315900000000056,"failureMessages":[],"meta":{}},{"ancestorTitles":["ServiceDiscoveryService","getServiceUrl - Railway"],"fullName":"ServiceDiscoveryService getServiceUrl - Railway should use CHAT_SERVICE_URL from environment","status":"passed","title":"should use CHAT_SERVICE_URL from environment","duration":0.3706999999999425,"failureMessages":[],"meta":{}},{"ancestorTitles":["ServiceDiscoveryService","getServiceUrl - Railway"],"fullName":"ServiceDiscoveryService getServiceUrl - Railway should use CHAT_SERVICE_SERVICE_URL as fallback","status":"passed","title":"should use CHAT_SERVICE_SERVICE_URL as fallback","duration":0.38049999999998363,"failureMessages":[],"meta":{}},{"ancestorTitles":["ServiceDiscoveryService","getServiceUrl - Railway"],"fullName":"ServiceDiscoveryService getServiceUrl - Railway should fallback to localhost if no env var found","status":"passed","title":"should fallback to localhost if no env var found","duration":0.3768999999999778,"failureMessages":[],"meta":{}},{"ancestorTitles":["ServiceDiscoveryService","getServiceUrl - Kubernetes"],"fullName":"ServiceDiscoveryService getServiceUrl - Kubernetes should generate DNS-based URL for service","status":"passed","title":"should generate DNS-based URL for service","duration":0.424900000000207,"failureMessages":[],"meta":{}},{"ancestorTitles":["ServiceDiscoveryService","getServiceUrl - Kubernetes"],"fullName":"ServiceDiscoveryService getServiceUrl - Kubernetes should remove -service suffix","status":"passed","title":"should remove -service suffix","duration":0.42470000000002983,"failureMessages":[],"meta":{}},{"ancestorTitles":["ServiceDiscoveryService","getServiceUrl - Kubernetes"],"fullName":"ServiceDiscoveryService getServiceUrl - Kubernetes should remove -gateway suffix","status":"passed","title":"should remove -gateway suffix","duration":0.3222000000000662,"failureMessages":[],"meta":{}},{"ancestorTitles":["ServiceDiscoveryService","getServiceUrl - Local"],"fullName":"ServiceDiscoveryService getServiceUrl - Local should use localhost for local platform","status":"passed","title":"should use localhost for local platform","duration":0.32920000000012806,"failureMessages":[],"meta":{}},{"ancestorTitles":["ServiceDiscoveryService","caching"],"fullName":"ServiceDiscoveryService caching should cache service URLs","status":"passed","title":"should cache service URLs","duration":0.7751999999998134,"failureMessages":[],"meta":{}},{"ancestorTitles":["ServiceDiscoveryService","caching"],"fullName":"ServiceDiscoveryService caching should cache different services separately","status":"passed","title":"should cache different services separately","duration":0.467200000000048,"failureMessages":[],"meta":{}}],"startTime":1767863723573,"endTime":1767863723582.7751,"status":"passed","message":"","name":"C:/cursor.ai/WattOS_Plattform/packages/shared/src/service-discovery/__tests__/service-discovery.service.test.ts"}],"coverageMap":{"C:\\cursor.ai\\WattOS_Plattform\\packages\\shared\\src\\exceptions\\base.exception.ts":{"path":"C:\\cursor.ai\\WattOS_Plattform\\packages\\shared\\src\\exceptions\\base.exception.ts","statementMap":{"0":{"start":{"line":14,"column":4},"end":{"line":21,"column":null}},"1":{"start":{"line":11,"column":20},"end":{"line":11,"column":null}},"2":{"start":{"line":12,"column":20},"end":{"line":12,"column":null}},"3":{"start":{"line":30,"column":4},"end":{"line":30,"column":null}},"4":{"start":{"line":39,"column":4},"end":{"line":39,"column":null}},"5":{"start":{"line":48,"column":4},"end":{"line":48,"column":null}},"6":{"start":{"line":57,"column":4},"end":{"line":57,"column":null}},"7":{"start":{"line":66,"column":4},"end":{"line":66,"column":null}},"8":{"start":{"line":75,"column":4},"end":{"line":75,"column":null}},"9":{"start":{"line":84,"column":4},"end":{"line":84,"column":null}},"10":{"start":{"line":93,"column":4},"end":{"line":93,"column":null}}},"fnMap":{"0":{"name":"(anonymous_0)","decl":{"start":{"line":8,"column":2},"end":{"line":8,"column":null}},"loc":{"start":{"line":13,"column":4},"end":{"line":22,"column":null}},"line":13},"1":{"name":"(anonymous_1)","decl":{"start":{"line":29,"column":2},"end":{"line":29,"column":14}},"loc":{"start":{"line":29,"column":77},"end":{"line":31,"column":null}},"line":29},"2":{"name":"(anonymous_2)","decl":{"start":{"line":38,"column":2},"end":{"line":38,"column":14}},"loc":{"start":{"line":38,"column":94},"end":{"line":40,"column":null}},"line":38},"3":{"name":"(anonym
[...]
pe":"if","locations":[{"start":{"line":47,"column":2},"end":{"line":49,"column":null}},{"start":{},"end":{}}],"line":47},"1":{"loc":{"start":{"line":47,"column":6},"end":{"line":47,"column":45}},"type":"binary-expr","locations":[{"start":{"line":47,"column":6},"end":{"line":47,"column":17}},{"start":{"line":47,"column":17},"end":{"line":47,"column":45}}],"line":47},"2":{"loc":{"start":{"line":55,"column":39},"end":{"line":55,"column":66}},"type":"default-arg","locations":[{"start":{"line":55,"column":55},"end":{"line":55,"column":66}}],"line":55},"3":{"loc":{"start":{"line":57,"column":6},"end":{"line":59,"column":null}},"type":"if","locations":[{"start":{"line":57,"column":6},"end":{"line":59,"column":null}},{"start":{},"end":{}}],"line":57},"4":{"loc":{"start":{"line":62,"column":6},"end":{"line":64,"column":null}},"type":"if","locations":[{"start":{"line":62,"column":6},"end":{"line":64,"column":null}},{"start":{},"end":{}}],"line":62},"5":{"loc":{"start":{"line":62,"column":10},"end":{"line":62,"column":49}},"type":"binary-expr","locations":[{"start":{"line":62,"column":10},"end":{"line":62,"column":28}},{"start":{"line":62,"column":28},"end":{"line":62,"column":49}}],"line":62},"6":{"loc":{"start":{"line":65,"column":6},"end":{"line":67,"column":null}},"type":"if","locations":[{"start":{"line":65,"column":6},"end":{"line":67,"column":null}},{"start":{},"end":{}}],"line":65},"7":{"loc":{"start":{"line":65,"column":10},"end":{"line":65,"column":96}},"type":"binary-expr","locations":[{"start":{"line":65,"column":10},"end":{"line":65,"column":39}},{"start":{"line":65,"column":39},"end":{"line":65,"column":68}},{"start":{"line":65,"column":68},"end":{"line":65,"column":96}}],"line":65},"8":{"loc":{"start":{"line":70,"column":6},"end":{"line":72,"column":null}},"type":"if","locations":[{"start":{"line":70,"column":6},"end":{"line":72,"column":null}},{"start":{},"end":{}}],"line":70},"9":{"loc":{"start":{"line":75,"column":6},"end":{"line":79,"column":null}},"type":"if","locations":[{"start":{"line":75,"column":6},"end":{"line":79,"column":null}},{"start":{},"end":{}}],"line":75},"10":{"loc":{"start":{"line":82,"column":6},"end":{"line":109,"column":null}},"type":"if","locations":[{"start":{"line":82,"column":6},"end":{"line":109,"column":null}},{"start":{},"end":{}}],"line":82},"11":{"loc":{"start":{"line":84,"column":8},"end":{"line":86,"column":null}},"type":"if","locations":[{"start":{"line":84,"column":8},"end":{"line":86,"column":null}},{"start":{},"end":{}}],"line":84},"12":{"loc":{"start":{"line":92,"column":10},"end":{"line":101,"column":null}},"type":"if","locations":[{"start":{"line":92,"column":10},"end":{"line":101,"column":null}},{"start":{},"end":{}}],"line":92},"13":{"loc":{"start":{"line":93,"column":12},"end":{"line":98,"column":null}},"type":"binary-expr","locations":[{"start":{"line":93,"column":12},"end":{"line":93,"column":null}},{"start":{"line":94,"column":12},"end":{"line":94,"column":null}},{"start":{"line":95,"column":12},"end":{"line":95,"column":null}},{"start":{"line":96,"column":12},"end":{"line":96,"column":null}},{"start":{"line":97,"column":12},"end":{"line":97,"column":null}},{"start":{"line":98,"column":12},"end":{"line":98,"column":null}}],"line":93},"14":{"loc":{"start":{"line":104,"column":10},"end":{"line":106,"column":null}},"type":"if","locations":[{"start":{"line":104,"column":10},"end":{"line":106,"column":null}},{"start":{},"end":{}}],"line":104},"15":{"loc":{"start":{"line":118,"column":12},"end":{"line":118,"column":null}},"type":"binary-expr","locations":[{"start":{"line":118,"column":12},"end":{"line":118,"column":29}},{"start":{"line":118,"column":29},"end":{"line":118,"column":null}}],"line":118},"16":{"loc":{"start":{"line":119,"column":18},"end":{"line":119,"column":null}},"type":"binary-expr","locations":[{"start":{"line":119,"column":18},"end":{"line":119,"column":41}},{"start":{"line":119,"column":41},"end":{"line":119,"column":null}}],"line":119},"17":{"loc":{"start":{"line":123,"column":4},"end":{"line":127,"column":null}},"type":"if","locations":[{"start":{"line":123,"column":4},"end":{"line":127,"column":null}},{"start":{},"end":{}}],"line":123},"18":{"loc":{"start":{"line":123,"column":8},"end":{"line":123,"column":62}},"type":"binary-expr","locations":[{"start":{"line":123,"column":8},"end":{"line":123,"column":29}},{"start":{"line":123,"column":29},"end":{"line":123,"column":62}}],"line":123},"19":{"loc":{"start":{"line":125,"column":20},"end":{"line":125,"column":null}},"type":"binary-expr","locations":[{"start":{"line":125,"column":20},"end":{"line":125,"column":45}},{"start":{"line":125,"column":45},"end":{"line":125,"column":null}}],"line":125},"20":{"loc":{"start":{"line":130,"column":4},"end":{"line":151,"column":null}},"type":"if","locations":[{"start":{"line":130,"column":4},"end":{"line":151,"column":null}},{"start":{},"end":{}}],"line":130},"21":{"loc":{"start":{"line":130,"column":8},"end":{"line":130,"column":68}},"type":"binary-expr","locations":[{"start":{"line":130,"column":8},"end":{"line":130,"column":29}},{"start":{"line":130,"column":29},"end":{"line":130,"column":68}}],"line":130},"22":{"loc":{"start":{"line":133,"column":8},"end":{"line":135,"column":null}},"type":"if","locations":[{"start":{"line":133,"column":8},"end":{"line":135,"column":null}},{"start":{},"end":{}}],"line":133},"23":{"loc":{"start":{"line":137,"column":8},"end":{"line":148,"column":null}},"type":"if","locations":[{"start":{"line":137,"column":8},"end":{"line":148,"column":null}},{"start":{},"end":{}}],"line":137},"24":{"loc":{"start":{"line":137,"column":12},"end":{"line":137,"column":46}},"type":"binary-expr","locations":[{"start":{"line":137,"column":12},"end":{"line":137,"column":20}},{"start":{"line":137,"column":20},"end":{"line":137,"column":46}}],"line":137},"25":{"loc":{"start":{"line":139,"column":18},"end":{"line":139,"column":null}},"type":"cond-expr","locations":[{"start":{"line":139,"column":50},"end":{"line":139,"column":62}},{"start":{"line":139,"column":62},"end":{"line":139,"column":null}}],"line":139},"26":{"loc":{"start":{"line":140,"column":25},"end":{"line":140,"column":null}},"type":"cond-expr","locations":[{"start":{"line":140,"column":64},"end":{"line":140,"column":83}},{"start":{"line":140,"column":83},"end":{"line":140,"column":null}}],"line":140},"27":{"loc":{"start":{"line":141,"column":18},"end":{"line":141,"column":null}},"type":"cond-expr","locations":[{"start":{"line":141,"column":45},"end":{"line":141,"column":57}},{"start":{"line":141,"column":57},"end":{"line":141,"column":null}}],"line":141},"28":{"loc":{"start":{"line":142,"column":21},"end":{"line":142,"column":null}},"type":"cond-expr","locations":[{"start":{"line":142,"column":50},"end":{"line":142,"column":65}},{"start":{"line":142,"column":65},"end":{"line":142,"column":null}}],"line":142},"29":{"loc":{"start":{"line":146,"column":19},"end":{"line":146,"column":null}},"type":"binary-expr","locations":[{"start":{"line":146,"column":19},"end":{"line":146,"column":62}},{"start":{"line":146,"column":62},"end":{"line":146,"column":null}}],"line":146},"30":{"loc":{"start":{"line":168,"column":2},"end":{"line":170,"column":null}},"type":"if","locations":[{"start":{"line":168,"column":2},"end":{"line":170,"column":null}},{"start":{},"end":{}}],"line":168},"31":{"loc":{"start":{"line":168,"column":6},"end":{"line":168,"column":61}},"type":"binary-expr","locations":[{"start":{"line":168,"column":6},"end":{"line":168,"column":16}},{"start":{"line":168,"column":16},"end":{"line":168,"column":41}},{"start":{"line":168,"column":41},"end":{"line":168,"column":61}}],"line":168},"32":{"loc":{"start":{"line":176,"column":8},"end":{"line":194,"column":null}},"type":"if","locations":[{"start":{"line":176,"column":8},"end":{"line":194,"column":null}},{"start":{},"end":{}}],"line":176},"33":{"loc":{"start":{"line":176,"column":12},"end":{"line":176,"column":55}},"type":"binary-expr","locations":[{"start":{"line":176,"column":12},"end":{"line":176,"column":40}},{"start":{"line":176,"column":40},"end":{"line":176,"column":55}}],"line":176},"34":{"loc":{"start":{"line":177,"column":30},"end":{"line":177,"column":54}},"type":"binary-expr","locations":[{"start":{"line":177,"column":30},"end":{"line":177,"column":52}},{"start":{"line":177,"column":52},"end":{"line":177,"column":54}}],"line":177},"35":{"loc":{"start":{"line":178,"column":10},"end":{"line":180,"column":null}},"type":"if","locations":[{"start":{"line":178,"column":10},"end":{"line":180,"column":null}},{"start":{},"end":{}}],"line":178},"36":{"loc":{"start":{"line":186,"column":34},"end":{"line":186,"column":65}},"type":"binary-expr","locations":[{"start":{"line":186,"column":34},"end":{"line":186,"column":63}},{"start":{"line":186,"column":63},"end":{"line":186,"column":65}}],"line":186},"37":{"loc":{"start":{"line":187,"column":45},"end":{"line":187,"column":75}},"type":"binary-expr","locations":[{"start":{"line":187,"column":45},"end":{"line":187,"column":73}},{"start":{"line":187,"column":73},"end":{"line":187,"column":75}}],"line":187},"38":{"loc":{"start":{"line":197,"column":8},"end":{"line":215,"column":null}},"type":"if","locations":[{"start":{"line":197,"column":8},"end":{"line":215,"column":null}},{"start":{},"end":{}}],"line":197},"39":{"loc":{"start":{"line":197,"column":12},"end":{"line":197,"column":49}},"type":"binary-expr","locations":[{"start":{"line":197,"column":12},"end":{"line":197,"column":23}},{"start":{"line":197,"column":23},"end":{"line":197,"column":36}},{"start":{"line":197,"column":36},"end":{"line":197,"column":49}}],"line":197},"40":{"loc":{"start":{"line":198,"column":30},"end":{"line":198,"column":45}},"type":"binary-expr","locations":[{"start":{"line":198,"column":30},"end":{"line":198,"column":43}},{"start":{"line":198,"column":43},"end":{"line":198,"column":45}}],"line":198},"41":{"loc":{"start":{"line":199,"column":10},"end":{"line":201,"column":null}},"type":"if","locations":[{"start":{"line":199,"column":10},"end":{"line":201,"column":null}},{"start":{},"end":{}}],"line":199},"42":{"loc":{"start":{"line":207,"column":34},"end":{"line":207,"column":56}},"type":"binary-expr","locations":[{"start":{"line":207,"column":34},"end":{"line":207,"column":54}},{"start":{"line":207,"column":54},"end":{"line":207,"column":56}}],"line":207},"43":{"loc":{"start":{"line":218,"column":8},"end":{"line":220,"column":null}},"type":"if","locations":[{"start":{"line":218,"column":8},"end":{"line":220,"column":null}},{"start":{},"end":{}}],"line":218},"44":{"loc":{"start":{"line":223,"column":8},"end":{"line":241,"column":null}},"type":"if","locations":[{"start":{"line":223,"column":8},"end":{"line":241,"column":null}},{"start":{},"end":{}}],"line":223},"45":{"loc":{"start":{"line":224,"column":30},"end":{"line":224,"column":45}},"type":"binary-expr","locations":[{"start":{"line":224,"column":30},"end":{"line":224,"column":43}},{"start":{"line":224,"column":43},"end":{"line":224,"column":45}}],"line":224},"46":{"loc":{"start":{"line":225,"column":10},"end":{"line":227,"column":null}},"type":"if","locations":[{"start":{"line":225,"column":10},"end":{"line":227,"column":null}},{"start":{},"end":{}}],"line":225},"47":{"loc":{"start":{"line":233,"column":34},"end":{"line":233,"column":56}},"type":"binary-expr","locations":[{"start":{"line":233,"column":34},"end":{"line":233,"column":54}},{"start":{"line":233,"column":54},"end":{"line":233,"column":56}}],"line":233},"48":{"loc":{"start":{"line":234,"column":45},"end":{"line":234,"column":81}},"type":"binary-expr","locations":[{"start":{"line":234,"column":45},"end":{"line":234,"column":64}},{"start":{"line":234,"column":64},"end":{"line":234,"column":79}},{"start":{"line":234,"column":79},"end":{"line":234,"column":81}}],"line":234},"49":{"loc":{"start":{"line":267,"column":2},"end":{"line":269,"column":null}},"type":"if","locations":[{"start":{"line":267,"column":2},"end":{"line":269,"column":null}},{"start":{},"end":{}}],"line":267},"50":{"loc":{"start":{"line":267,"column":6},"end":{"line":267,"column":39}},"type":"binary-expr","locations":[{"start":{"line":267,"column":6},"end":{"line":267,"column":16}},{"start":{"line":267,"column":16},"end":{"line":267,"column":39}}],"line":267},"51":{"loc":{"start":{"line":287,"column":4},"end":{"line":296,"column":null}},"type":"if","locations":[{"start":{"line":287,"column":4},"end":{"line":296,"column":null}},{"start":{},"end":{}}],"line":287},"52":{"loc":{"start":{"line":289,"column":6},"end":{"line":291,"column":null}},"type":"if","locations":[{"start":{"line":289,"column":6},"end":{"line":291,"column":null}},{"start":{},"end":{}}],"line":289},"53":{"loc":{"start":{"line":293,"column":6},"end":{"line":295,"column":null}},"type":"if","locations":[{"start":{"line":293,"column":6},"end":{"line":295,"column":null}},{"start":{},"end":{}}],"line":293}},"s":{"0":20,"1":3,"2":17,"3":17,"4":17,"5":88,"6":0,"7":88,"8":0,"9":88,"10":34,"11":54,"12":2,"13":52,"14":2,"15":3,"16":3,"17":50,"18":50,"19":1,"20":49,"21":49,"22":49,"23":68,"24":0,"25":68,"26":68,"27":66,"28":49,"29":0,"30":17,"31":17,"32":20,"33":1,"34":1,"35":17,"36":17,"37":17,"38":11,"39":0,"40":11,"41":11,"42":11,"43":11,"44":44,"45":17,"46":17,"47":17,"48":0,"49":17,"50":5,"51":12,"52":12,"53":12,"54":0,"55":0,"56":0,"57":0,"58":0,"59":0,"60":12,"61":3,"62":3,"63":0,"64":3,"65":3,"66":3,"67":9,"68":0,"69":9,"70":8,"71":8,"72":0,"73":8,"74":8,"75":8,"76":1,"77":0,"78":12,"79":12,"80":12,"81":12,"82":0,"83":10,"84":4,"85":6,"86":6,"87":6,"88":6,"89":0,"90":6,"91":6,"92":4,"93":0,"94":4,"95":0,"96":5,"97":5,"98":2},"f":{"0":20,"1":88,"2":3,"3":3,"4":1,"5":44,"6":17,"7":12,"8":12,"9":10,"10":6},"b":{"0":[3,17],"1":[20,18],"2":[88],"3":[0,88],"4":[0,88],"5":[88,88],"6":[34,54],"7":[88,54,54],"8":[2,52],"9":[2,50],"10":[50,0],"11":[1,49],"12":[0,68],"13":[68,68,68,68,68,68],"14":[66,2],"15":[17,0],"16":[20,0],"17":[1,19],"18":[20,1],"19":[1,1],"20":[17,0],"21":[17,17],"22":[0,11],"23":[11,0],"24":[11,11],"25":[11,0],"26":[0,11],"27":[1,10],"28":[0,11],"29":[44,32],"30":[5,12],"31":[17,16,16],"32":[0,12],"33":[12,0],"34":[0,0],"35":[0,0],"36":[0,0],"37":[0,0],"38":[3,9],"39":[12,3,3],"40":[3,0],"41":[0,3],"42":[3,1],"43":[0,9],"44":[8,1],"45":[8,0],"46":[0,8],"47":[8,1],"48":[8,0,0],"49":[4,6],"50":[10,7],"51":[4,2],"52":[0,4],"53":[0,4]},"meta":{"lastBranch":54,"lastFunction":11,"lastStatement":99,"seen":{"f:46:16:46:35":0,"b:47:2:49:Infinity:undefined:undefined:undefined:undefined":0,"s:47:2:49:Infinity":0,"b:47:6:47:17:47:17:47:45":1,"s:48:4:48:Infinity":1,"s:51:18:51:Infinity":2,"s:53:2:160:Infinity":3,"s:55:26:112:Infinity":4,"f:55:26:55:27":1,"b:55:55:55:66":2,"b:57:6:59:Infinity:undefined:undefined:undefined:undefined":3,"s:57:6:59:Infinity":5,"s:58:8:58:Infinity":6,"b:62:6:64:Infinity:undefined:undefined:undefined:undefined":4,"s:62:6:64:Infinity":7,"b:62:10:62:28:62:28:62:49":5,"s:63:8:63:Infinity":8,"b:65:6:67:Infinity:undefined:undefined:undefined:undefined":6,"s:65:6:67:Infinity":9,"b:65:10:65:39:65:39:65:68:65:68:65:96":7,"s:66:8:66:Infinity":10,"b:70:6:72:Infinity:undefined:undefined:undefined:undefined":8,"s:70:6:72:Infinity":11,"s:71:8:71:Infinity":12,"b:75:6:79:Infinity:undefined:undefined:undefined:undefined":9,"s:75:6:79:Infinity":13,"s:76:8:78:Infinity":14,"f:77:15:77:16":2,"s:77:25:77:55":15,"f:78:18:78:19":3,"s:78:28:78:46":16,"b:82:6:109:Infinity:undefined:undefined:undefined:undefined":10,"s:82:6:109:Infinity":17,"b:84:8:86:Infinity:undefined:undefined:undefined:undefined":11,"s:84:8:86:Infinity":18,"s:85:10:85:Infinity":19,"s:87:8:87:Infinity":20,"s:89:29:89:Infinity":21,"s:90:8:107:Infinity":22,"b:92:10:101:Infinity:undefined:undefined:undefined:undefined":12,"s:92:10:101:Infinity":23,"b:93:12:93:Infinity:94:12:94:Infinity:95:12:95:Infinity:96:12:96:Infinity:97:12:97:Infinity:98:12:98:Infinity":13,"s:100:12:100:Infinity":24,"s:103:31:103:Infinity":25,"b:104:10:106:Infinity:undefined:undefined:undefined:undefined":14,"s:104:10:106:Infinity":26,"s:105:12:105:Infinity":27,"s:108:8:108:Infinity":28,"s:111:6:111:Infinity":29,"s:114:20:114:Infinity":30,"s:117:24:120:Infinity":31,"b:118:12:118:29:118:29:118:Infinity":15,"b:119:18:119:41:119:41:119:Infinity":16,"b:123:4:127:Infinity:undefined:undefined:undefined:undefined":17,"s:123:4:127:Infinity":32,"b:123:8:123:29:123:29:123:62":18,"s:124:6:126:Infinity":33,"f:125:8:125:9":4,"s:125:20:125:Infinity":34,"b:125:20:125:45:125:45:125:Infinity":19,"b:130:4:151:Infinity:undefined:undefined:undefined:undefined":20,"s:130:4:151:Infinity":35,"b:130:8:130:29:130:29:130:68":21,"s:131:53:131:Infinity":36,"s:132:6:149:Infinity":37,"b:133:8:135:Infinity:undefined:undefined:undefined:undefined":22,"s:133:8:135:Infinity":38,"s:134:10:134:Infinity":39,"s:136:21:136:Infinity":40,"b:137:8:148:Infinity:undefined:undefined:undefined:undefined":23,"s:137:8:148:Infinity":41,"b:137:12:137:20:137:20:137:46":24,"s:138:10:143:Infinity":42,"b:139:50:139:62:139:62:139:Infinity":25,"b:140:64:140:83:140:83:140:Infinity":26,"b:141:45:141:57:141:57:141:Infinity":27,"b:142:50:142:65:142:65:142:Infinity":28,"s:145:10:147:Infinity":43,"f:146:12:146:13":5,"s:146:19:146:Infinity":44,"b:146:19:146:62:146:62:146:Infinity":29,"s:150:6:150:Infinity":45,"s:154:4:154:Infinity":46,"s:156:4:156:Infinity":47,"s:159:4:159:Infinity":48,"f:167:16:167:42":6,"b:168:2:170:Infinity:undefined:undefined:undefined:undefined":30,"s:168:2:170:Infinity":49,"b:168:6:168:16:168:16:168:41:168:41:168:61":31,"s:169:4:169:Infinity":50,"s:172:20:249:Infinity":51,"f:173:9:173:10":7,"s:174:6:247:Infinity":52,"b:176:8:194:Infinity:undefined:undefined:undefined:undefined":32,"s:176:8:194:Infinity":53,"b:176:12:176:40:176:40:176:55":33,"s:177:23:177:Infinity":54,"b:177:30:177:52:177:52:177:54":34,"b:178:10:180:Infinity:undefined:undefined:undefined:undefined":35,"s:178:10:180:Infinity":55,"s:179:12:179:Infinity":56,"s:182:32:189:Infinity":57,"b:186:34:186:63:186:63:186:65":36,"b:187:45:187:73:187:73:187:75":37,"s:192:10:192:Infinity":58,"s:193:10:193:Infinity":59,"b:197:8:215:Infinity:undefined:undefined:undefined:undefined":38,"s:197:8:215:Infinity":60,"b:197:12:197:23:197:23:197:36:197:36:197:49":39,"s:198:23:198:Infinity":61,"b:198:30:198:43:198:43:198:45":40,"b:199:10:201:Infinity:undefined:undefined:undefined:undefined":41,"s:199:10:201:Infinity":62,"s:200:12:200:Infinity":63,"s:203:32:210:Infinity":64,"b:207:34:207:54:207:54:207:56":42,"s:213:10:213:Infinity":65,"s:214:10:214:Infinity":66,"b:218:8:220:Infinity:undefined:undefined:undefined:undefined":43,"s:218:8:220:Infinity":67,"s:219:10:219:Infinity":68,"b:223:8:241:Infinity:undefined:undefined:undefined:undefined":44,"s:223:8:241:Infinity":69,"s:224:23:224:Infinity":70,"b:224:30:224:43:224:43:224:45":45,"b:225:10:227:Infinity:undefined:undefined:undefined:undefined":46,"s:225:10:227:Infinity":71,"s:226:12:226:Infinity":72,"s:229:32:236:Infinity":73,"b:233:34:233:54:233:54:233:56":47,"b:234:45:234:64:234:64:234:79:234:79:234:81":48,"s:239:10:239:Infinity":74,"s:240:10:240:Infinity":75,"s:243:8:243:Infinity":76,"s:246:8:246:Infinity":77,"f:249:12:249:13":8,"s:249:22:249:35":78,"s:252:2:258:Infinity":79,"s:253:4:253:Infinity":80,"s:254:4:254:Infinity":81,"s:257:4:257:Infinity":82,"f:266:16:266:42":9,"b:267:2:269:Infinity:undefined:undefined:undefined:undefined":49,"s:267:2:269:Infinity":83,"b:267:6:267:16:267:16:267:39":50,"s:268:4:268:Infinity":84,"s:271:2:277:Infinity":85,"s:272:22:272:Infinity":86,"s:273:4:273:Infinity":87,"s:274:4:274:Infinity":88,"s:276:4:276:Infinity":89,"f:285:16:285:41":10,"s:286:2:301:Infinity":90,"b:287:4:296:Infinity:undefined:undefined:undefined:undefined":51,"s:287:4:296:Infinity":91,"b:289:6:291:Infinity:undefined:undefined:undefined:undefined":52,"s:289:6:291:Infinity":92,"s:290:8:290:Infinity":93,"b:293:6:295:Infinity:undefined:undefined:undefined:undefined":53,"s:293:6:295:Infinity":94,"s:294:8:294:Infinity":95,"s:297:4:297:Infinity":96,"s:298:4:298:Infinity":97,"s:300:4:300:Infinity":98}}}}}